$name=mslug2
default=002
$main

#002 Neo Geo Logo
#046 THE MILITARY SYSTEM (Ranking, Control lecture)
#048 BARRACKS (Character select)
#033 JUDGEMENT (Stage 1-1)
#034 PREHISTRIC SITE (Stage 2-1)
#035 THE CENOTAPH (Stage 2-3)
#039 FIRST CONTACT (Boss B, Stage 6-2)
#036 LIVIN ON THE DECK (Stage 3-1)
#037 BACK TO THE CHINA (Stage 4-1)
#038 NEW GOODKIN STREET (Stage 5-1)
#040 ASSAULT THEME (Boss C, Stage 6-1)
#041 FINAL ATTACK (Stage 6-3)
#042 KISS IN THE DARK (Stage 5-2)
#043 METAMORPHOSIS (Stage 5-3)
#044 STEEL BLAST 6BEETS (Boss A)
#045 GRAVE STONE (Game over)
#047 END TITLE AGAIN (Last scene)
#032 CARRY OUT (Stage clear)

■出典
   メタルスラッグ2 / 新世界楽曲雑技団
   KING PCCB-00311  1998.04.17

   作曲：HIYA!
$end
