$name=mtwins
$default=95
$songmax=117
$main

#95 [voice] 偑傫偽偭偰偹乮僋儗僕僢僩乯 / 僱乕儈儞僌亄儔僂儞僪慖戰 <0:21>
#02 椃棫偪乮儔僂儞僪侾乯 <2:02>
#13 儃僗偺僥乕儅 <0:57>
#28 儔僂儞僪僋儕傾
#14 恄條偺僥乕儅 <0:23>
#03 嬻偺忋偵偼丒丒丒乮儔僂儞僪俀乯 <2:00>
#30 僞僀僼乕儞僉僢僪 <1:23>
#16 儃乕僫僗僗僥乕僕 <0:57>
#112 僷乕僼僃僋僩僼傽儞僼傽乕儗 <0:02>
#04 奀偺拞偱偼丒丒丒乮儔僂儞僪俁乯 <2:16>
#05 僪儔僑儞僽儖乕傾僀僘乮儔僂儞僪慖戰僋儕傾僨儌侾乯 <0:28>
#27 旈枾偺斷乮儔僂儞僪慖戰僋儕傾僨儌俀乯 <0:16>
#06 儌儞僗僞乕忛敪尒両両乮儔僂儞僪係亅侾乯 <1:52>
#07 怤擖奐巒乮儔僂儞僪係亅俀乯<1:43>
#08 晐偄僟儞僕儑儞乮儔僂儞僪係亅俁乯 <1:26>
#09 崅偄搩乮儔僂儞僪係亅係乯 <1:26>
#10 愴偄偺帪偑棃偨両乮儔僂儞僪係亅俆乯<2:21>
#15 儘僄僺乕戝杺墹偺僥乕儅 <2:03>
#11 扙弌乮儔僂儞僪俆亅侾乯 <1:51>
#12 屘嫿傪傔偞偟偰乮儔僂儞僪俆亅俀乯 <1:30>
#94 戝彑棙両乮嵟廔儔僂儞僪僋儕傾乯
#23 偦偟偰妝墍傊乮僄儞僨傿儞僌侾乯 <1:00>
#24 偦偟偰妝墍傊乮僄儞僨傿儞僌俀乯 <1:16>
#31 僗僞僢僼儘乕儖 <1:56>
#01 僠僉僠僉儃乕僀僘乮僠僉僠僉儃乕僀僘丒儊僀儞僥乕儅乯 <2:17>
#19 儔儞僉儞僌侾埵 <0:42>
#20 儔儞僉儞僌僨傿僗僾儗僀  <1:00>
#17 僎乕儉僆乕僶乕

------------------------------------------------------
仭弌揟
   STREET FIGHTER 嘦 -G.S.M. CAPCOM 4- / ALFH LYRA
   SCITRON PCCB-00056  1991.3.21
------------------------------------------------------
 [SE]

#32 [SE]
#33 [SE]
#34 [SE]
#35 [SE]
#36 [SE]
#37 [SE]
#38 [SE]
#39 [SE]
#40 [SE]
#41 [SE]
#42 [SE]
#43 [SE]
#44 [SE]
#45 [SE]
#46 [SE]
#47 [SE]
#48 [SE]
#49 [SE]
#50 [SE]
#51 [SE]
#52 [SE]
#53 [SE]
#54 [SE]
#55 [SE]
#56 [SE]
#57 [SE]
#58 [SE]
#59 [SE]
#60 [SE]
#61 [SE]
#62 [SE]
#63 [SE]
#64 [SE]
#65 [SE]
#66 [SE]
#67 [SE]
#68 [SE]
#69 [SE]
#70 [SE]
#71 [SE]
#72 [SE]
#73 [SE]
#74 [SE]
#75 [SE]
#76 [SE]
#77 [SE]
#78 [SE]
#79 [SE]
#80 [SE]
#81 [SE]
#82 [SE]
#83 [SE]
#84 [SE]
#85 [SE]
#86 [SE]
#87 [SE]
#88 [SE]
#89 [SE]
#90 [SE]
#91 [SE]
#92 [SE]
#93 [SE]
#95 [voice] 偑傫偽偭偰偹乮僋儗僕僢僩乯
#96 [SE]
#97 [SE]
#98 [SE]
#99 [SE]
#100 [SE]
#101 [SE]
#102 [SE]
#103 [SE]
#104 [SE]
#105 [SE]
#106 [SE]
#107 [SE]
#108 [voice] 僉儍僀儞僢両
#109 [SE]
#110 [SE]
#111 [SE]
#113 [SE]
#114 [voice] 僊儏僆僆僆僅僅乕乕丒丒丒
#115 [SE]
#116 [SE]
#117 [SE]
$end
