$name=viewpoin
$default=33
$main

#33 EYE CATCH SAMMY
#34 TITLE BACK
#54 INSTRUCTION
#35 NOT ALL THERE/AREA 1
#41 F.O.B./BOSS
#36 UN CAILLOU RICOCHET/AREA 2
#37 BE YOUR AGE!/AREA 3
#38 ASS BACK WARDS/AREA 4
#39 LA NERVATURA M./AREA 5
#40 PHYSICAL DAYDREAM/AREA 6
#47 F.O.B. -BIOTRON MIX-/FINAL
#51 MES VOLUTES BLEUES/ENDING
#50 CONTINUE
#52 NAME ENTRY

■出典
   VIEWPOINT / SAMMY
   SCITRON PCCB-00112

// リスト作成：高本さん
-------------------------------------

#095 SE
#127 SE
#193 SE
#194 SE
#195 SE
#196 SE
#197 SE
#198 SE
#201 SE
#202 SE
#203 SE
#204 SE
#205 SE
#206 SE
#207 SE
#208 SE
#209 SE
#210 SE
#211 SE
#212 SE
#213 SE
#217 SE
#218 SE
#219 SE
#220 SE
#221 SE
#222 SE
#223 SE
#224 SE
#229 SE
#231 SE
#232 SE
#233 SE
#234 SE
#236 SE
#237 SE
#238 SE
#239 SE
#240 SE
#241 SE
#242 SE
#243 SE
#244 SE
#245 SE
#246 SE

$end
