$name=propcycl
$version=2
$default=112
$main

#000 [Voice] Prop Cycle

#002 [SE] <time="0:05.67">
#003 [SE]
#004 [Voice] Prop Cycle
#005 [SE]
#006 [SE]
#007 [SE]

#010 [SE]
#011 [SE]
#012 [SE]
#013 [SE]
#014 [SE]
#015 [SE]

#017 [SE]
#018 [SE]
#019 [SE]

#021 [SE]
#022 [SE]
#023 [SE]
#024 [SE]
#025 [SE] Credit
#026 [SE]
#027 [SE]
#028 [SE]
#029 [SE]
#030 [SE]

#032 [SE] <time="3">
#033 [SE]
#034 [SE]
#035 [SE]
#036 [SE] <time="3">
#037 [SE] <time="3">
#038 [SE] <time="3">
#039 [SE] <time="3">
#040 [SE] <time="3">
#041 [SE] <time="3">
#042 [SE] <time="3">
#043 [SE]
#044 [SE]
#045 [SE]
#046 [SE]
#047 [SE]
#048 [SE]
#049 [SE]
#050 [SE]
#051 [SE] <time="3">
#052 [SE] <time="3">
#068 [SE]
#069 [SE]
#070 [SE]
#071 [SE]
#072 [SE]
#073 [SE]
#074 [SE]
#075 [SE] <time="3">
#076 [SE]
#077 [SE]
#078 [SE]
#079 [SE]

#096 [SE]
#097 [SE]
#099 [SE]
#100 [SE]
#101 [SE]
#102 [SE]
#108 [SE]
#109 [SE]
#110 [SE]
#111 [Voice] Congratulations
#113 [SE]

#080 BGM
#081 BGM
#083 BGM
#084 BGM part
#088 BGM
#089 BGM parcussion
#090  part
#091  part
#092  part
#093  part
#094  part
#095  part
#103  part
#104  BGM
#105  part
#106  part


#112 BGM
#114 ドラムのみ
#115 112
#116 112の一部
#117 112のパーカッション

#121 BGM
#122 メロディ
#123 ドラム

#129 BGM
#130 メロディ
#131 ドラム

#133 BGM

#137 BGM
#139 パート

#141 BGM


#138 ?
#145 ?

#146 

#149 BGM (不調)

#153 BGM
#154 BGM

#157 ?

#159 BGM

#160 ?
#161 ?
#162 ?

#163 

#165 BGM
#169 BGM
#171 ドラムパート

#173 BGM
#174 メロディ
#175 ドラム

#176 

#177 

  ■出典
  プロップサイクル アーケードサウンドトラック 006EX
  Wonder Spirits  WSCAX-10004  1998.12.18

// List by Fujix
$end