$name=1942
$version=2
$default=010
$songmax=031
$main

#010 投币 <time="3">
#013 游戏开始 (1) <time="2">
#006 游戏开始 (2) <time="4">
#017 主要 BGM <time="1:15.3">
#016 [指令 : 停止音乐] <time="1">
#027 过关音乐 <time="2">
#018 重新开始 (1) <time="5.3">
#026 亚也虎登场 <time="3.8">
#020 亚也虎BGM <time="38.4">
#021 奖励关过关音乐 <time="12">
#008 延长 <time="2.5">
#019 重新开始 (2) <time="6">
#022 游戏结束 <time="9">
#023 输入姓名 <time="21.7">
#024 输入姓名&结尾 (第一名) <time="6.4">
#025 输入姓名&结尾 (第二名和以下) <time="5.3">
#016 [指令 : 停止音乐]

-----------------------------------------------------------
 [音效]

#001 [音效]
#002 [音效]
#003 [音效]
#004 [音效]
#005 [音效]
#006 [音效]
#007 [音效]
#008 [音效]
#009 [音效]
#010 [音效]
#012 [音效]
#013 [音效]
#014 [音效]
#027 [音效]
#031 [音效]

  ■出品
  Capcom Game Music
  Alfa Records  28XA-94  Aug 25, 1986

  Capcom Game Music
  SME / Scitron  SCDC-00193  Jun 19, 2002

  ■中文列表编辑
  Soar1229
  http://www.chinaemu.cn

$end