$name=1944
$version=2
$default=027
$main

#027 片头
#003 背景音乐 1 (关卡 1: 深蓝之海)
#013 目标 (高速驱逐舰 “凪”、新型重战车 “遉兜”、试作攻击机 “茜”、巡航战车 “烽”、大陆间爆击机 “穹王”、特型攻击机 “遥”、对潜巡洋舰 “戒”、多炮塔战车 “础”、中型爆击机 “晓”、超弩级战舰 “隗神”、防空战舰 “勇”、双胴输送舰 “猛”、大型战斗机 “岚”、轨道式战车 “极”、移动要塞 “遖砦”)
#014 关卡结束
#012 背景音乐 2 (关卡 2: 铁兽的咆啸, 关卡 5 鹰之领地, 关卡 10 岚之要塞, 关卡 15 胜利之铃)
#001 背景音乐 3 (关卡 3: 丛林战)
#002 背景音乐 4 (关卡 4: 石之要塞)
#008 背景音乐 5 (关卡 6: 恶魔山)
#005 背景音乐 6 (关卡 7: 噩梦谷)
#011 背景音乐 7 (关卡 8: 战争之地)
#009 背景音乐 8 (关卡 9: 在暗处的拦截者)
#004 背景音乐 9 (关卡 11: 振奋的军队)
#007 背景音乐 10 (关卡 12: 海怪之口)
#010 背景音乐 11 (关卡 13: 绿地之争)
#006 背景音乐 12 (关卡 14: 最终决斗)
#025 结局
#015 成绩排名
#016 继续
#026 游戏结束
#024 未使用

-----------------------------------------------------------
 [音效]

#032 [音效] 投币
#028 [音效]
#029 [音效]
#030 [音效]
#031 [音效]
#033 [音效]
#034 [音效]
#035 [音效]
#036 [音效]
#037 [音效]
#038 [音效]
#039 [音效]
#040 [音效]
#041 [音效]
#042 [音效]
#043 [音效]
#044 [音效]
#045 [音效]
#046 [音效]
#047 [音效]
#048 [音效]
#049 [音效]
#050 [音效]
#051 [音效]
#052 [音效]
#053 [音效]
#054 [音效]
#056 [音效]
#057 [音效]
#058 [音效]
#059 [音效]
#060 [音效]
#061 [音效]
#064 [音效]
#065 [音效]
#066 [音效]
#067 [音效]
#068 [音效]
#069 [音效]
#070 [音效]
#071 [音效]
#072 [音效]
#073 [音效]
#074 [音效]
#075 [音效]
#076 [音效]
#077 [音效]
#078 [音效]
#079 [音效]
#080 [音效]
#081 [音效]
#082 [音效]
#083 [音效]
#084 [音效]
#085 [音效]
#086 [音效]
#087 [音效]
#088 [音效]
#089 [音效]
#090 [音效]
#091 [音效]
#092 [音效]
#093 [音效]
#094 [音效]
#095 [音效]
#096 [音效]
#097 [音效]
#099 [音效]
#100 [音效]
#101 [音效]
#102 [音效]
#103 [音效]
#104 [音效]
#105 [音效]
#106 [音效]
#107 [音效]
#108 [音效]
#109 [音效]
#110 [音效]
#111 [音效]
#112 [音效]
#113 [音效]
#114 [音效]
#115 [音效]
#116 [音效]
#118 [音效]
#119 [音效]
#120 [音效]
#121 [音效]
#122 [音效]
#123 [音效]
#124 [音效]
#125 [音效]
#128 [音效]
#129 [音效]
#130 [音效]
#132 [音效]
#133 [音效]
#134 [音效]
#136 [音效]
#137 [音效]
#139 [音效]
#140 [音效]
#141 [音效]
#142 [音效]
#143 [音效]
#144 [音效]
#145 [音效]
#146 [音效]
#147 [音效]
#148 [音效]
#149 [音效]
#152 [音效]
#153 [音效]
#154 [音效]
#155 [音效]
#156 [音效]
#157 [音效]
#158 [音效]
#159 [音效]
#160 [音效]
#161 [音效]
#162 [音效]
#163 [音效]
#164 [音效]
#165 [音效]
#166 [音效]
#167 [音效]
#168 [音效]
#169 [音效]
#170 [音效]
#171 [音效]
#173 [音效]
#174 [音效]
#176 [音效]
#177 [音效]
#178 [音效]
#179 [音效]
#180 [音效]
#181 [音效]
#182 [音效]
#183 [音效]
#184 [音效]
#185 [音效]
#186 [音效]
#187 [音效]
#188 [音效]
#189 [音效]
#190 [音效]
#191 [音效]
#192 [音效]
#193 [音效]
#196 [音效]
#197 [音效]
#198 [音效]
#199 [音效]
#201 [音效]
#202 [音效]
#203 [音效]
#204 [音效]
#205 [音效]
#206 [音效]
#207 [音效]
#208 [音效]
#209 [音效]
#210 [音效]
#211 [音效]
#212 [音效]
#213 [音效]
#214 [音效]
#215 [音效]
#216 [音效]
#217 [音效]
#218 [音效]
#219 [音效]
#220 [音效]
#221 [音效]
#222 [音效]
#223 [音效]
#224 [音效]
#225 [音效]
#226 [音效]
#227 [音效]
#228 [音效]
#229 [音效]
#230 [音效]
#231 [音效]
#232 [音效]
#233 [音效]
#234 [音效]
#235 [音效]
#236 [音效]
#237 [音效]
#238 [音效]
#239 [音效]

  ■信息
  1944

  ■中文列表编辑
  Soar1229
  http://www.chinaemu.cn

$end
