$name=19xx
$version=2
$default=030
$main

#030 声音标题
#008 开头
#009 玩家选择
#010 地图显示
#001 在云之间的蓝色天空 (任务 1)
#017 亚也虎改 (目标 1)
#002 红色的海军港口 (任务 2)
#018 雷鸣 (目标 2)
#003 绿格言之舞 (任务 3)
#025 (任务 3-2 音效)
#019 Carbert Wagen (目标 3)
#004 银冰层 (任务 4)
#020 Grantz (目标 4)
#005 在黑色海峡的城市光 (任务 5)
#024 (任务 5-2 音效)
#021 Sancho Pedro (目标 5)
#006 Glayish tornado (任务 6)
#022 Outer Limits (目标 6)
#007 最后的沟渠战 (任务 7)
#023 黑噪音 (目标 7)
#011 任务结束
#015 结局
#012 游戏结束
#013 排列得分

#529 19-XX
#532 来自 1942 投币
#533 来自 1942 音效
$213 1942 音效 再混合版

-----------------------------------------
[音效]

  ■出典
  CAPCOM GAME SOUNDTRACK / 19XX -THE WAR AGAINST DESTINY-
  VICTOR ENTERTAINMENT  VICL-2168  1996.04.03

  ■中文列表编辑
  Sayuri
  http://www.chinaemu.cn

$end