$name=64street
$version=2
$default=010
$main

#010 富翁被绑架女儿的情形 (开头演示)
#009 玩家选择
#001 64号街 (关卡 1)
#017 眼睛捕捉 <time="0:02">
#007 头目
#016 探查下一个隐密处(关卡结束) <time="0:06">
#003 走私者的码头 (关卡 2)
#002 铁路 第一部份 (关卡 3)
#008 铁路 第二部份 (关卡 3)
#004 秘密工场 (关卡 4)
#006 总部(关卡 5)
#015 追逐与逮捕(插入物切割) <time="0:03">
#005 最后的层次(关卡 6)
#011 结局
#013 输入名字

#014 未使用 1 <time="0:04.5">
//关卡开始
#012 未使用 2 <time="0:10">
//继续

-----------------------------------------------------------
[语音]

#038 [语音]
#039 [语音]
#040 [语音]
#041 [语音]
#042 [语音]
#044 [语音]
#045 [语音]

-----------------------------------------------------------
[音效]

#032 [音效] 投币
#033 [音效]
#034 [音效]
#035 [音效]
#036 [音效]
#037 [音效]
#043 [音效]
#046 [音效]
#047 [音效]

  ■信息
  64号街

  ■中文列表编辑
  Sayuri
  http://www.chinaemu.cn

$end
