$name=aburner2
$version=2
$default=146
$songmax=255
$main

#146 最大的力量 <time="00:48">
#145 最后的起飞 <time="04:12">
#148 红色之外 <time="3:18">
#147 超级条纹 <time="02:00">
#149 火炉的背后 <time="5:15">
#150 城市202 <time="1:45">

------------------------------------------------------
#163 [语音] 小心
#164 [语音] 敌人
#165 [语音] 准备好
#167 [语音] 破坏左侧
#168 [语音] 注意
#169 [语音] 3点
#170 [语音] 哇!!
#171 [语音] 破坏右侧
#172 [语音] 9点
#193 [语音] 开火!
#195 [语音] 在那里

#126 [音效] 投币
#224 [音效] 锁定
#225 [音效] 警告
#231 [音效] 探索点

  ■出品
  Sega Taikan Game Special
  Alfa Records  28XA-198  Dec 21, 1987

  ■信息
  冲破火网 II

  ■中文列表编辑
  Sayuri
  http://www.chinaemu.cn

$end
