$name=ghouls
$version=2
$default=007
$songmax=127
$main

#007 投币
#000 开始音乐
#012 第一关<时间="2:35.5">
#013 第一关Boss (盾) <时间="59.4">
#002 通关
#010 地图
#014 第二关 <时间="2:00.7">
#015 第二关 Boss (地狱看门狗) <时间="1:05.2">
#016 第三关 <时间="2:41.7">
#017 第三关 Boss (Gassuto) <时间="1:27.6">
#018 第四关 <时间="2:38">
#019 第四关 Boss (奥美) <时间="1:00.6">
#020 第五关 <时间="1:44.3">
#021 第五关 Boss (魔鬼) <时间="54.2">
#023 结束音乐 (一周目)
#024 快速移动
#022 最终 Boss (金星) <时间="2:37.5">
#025 结束音乐 <时间="4:07">
#003 输入名字 (第一名) <时间="1:51">
#005 名字输入结束 (第一名)
#004 输入名字 (第二名和以下) <时间="1:26">
#006 名字输入结束 (第二名和以下)
#009 暂时休息警告 <时间="35">
#008 玩家出局 <时间="3">
#001 游戏结束
#011 继续游戏

-------------------------------------------------------------------

 [音效]

#032 [音效]
#033 [音效]
#034 [音效]
#035 [音效]
#036 [音效]
#037 [音效]
#038 [音效]
#039 [音效]
#040 [音效]
#041 [音效]
#042 [音效]
#043 [音效]
#048 [音效]
#049 [音效]
#050 [音效]
#051 [音效]
#052 [音效]
#053 [音效]
#054 [音效]
#055 [音效]
#056 [音效]
#057 [音效]
#058 [音效]
#059 [音效]
#060 [音效]
#061 [音效]
#062 [音效]
#063 [音效]
#064 [音效]
#065 [音效]
#066 [音效]
#067 [音效]
#068 [音效]
#069 [音效]
#070 [音效]
#071 [音效]
#075 [音效]
#076 [音效]
#077 [音效]
#078 [音效]
#079 [音效]
#080 [音效]
#081 [音效]
#082 [音效]
#083 [音效]
#084 [音效]
#085 [音效]
#086 [音效]
#087 [音效]
#088 [音效]
#089 [音效]
#090 [音效]
#091 [音效]
#092 [音效]
#093 [音效]
#094 [音效]
#095 [音效]
#096 [音效]
#097 [音效]
#098 [音效]
#099 [音效]
#100 [音效]
#101 [音效]
#102 [音效]
#103 [音效]
#104 [音效]
#105 [音效]
#106 [音效]
#107 [音效]
#108 [音效]
#109 [音效]
#110 [音效]
#111 [音效]
#112 [音效]
#113 [音效]
#114 [音效]
#115 [音效]
#116 [音效]
#117 [音效]
#118 [音效]
#119 [音效]
#120 [音效]
#121 [音效]
#122 [音效]
#123 [音效]
#124 [音效]
#125 [音效]
#126 [音效]
#127 [音效]

  ■出品
  Dai Makaimura -G.S.M. Capcom 1- / Alfh Lyra
  Pony Canyon / Scitron  D28B0011  Jan 11, 1989

  Game Music of The Year 1989
  Pony Canyon / Scitron  PCCB-00022  Mar 21, 1990

  Suleputer Trial
  Suleputer  CFCP-0001  May 31, 1998

  Maximo Original Soundtrack
  Suleputer  CPCA-1058  Mar 6, 2002
 
  ■信息
  大魔界村

  ■中文列表整理
  kina
  http://www.chinaemu.cn

$end
