$name=kof95
$version=2
$default=$02
//$songmax=$3a
$main

$02 Neo Geo Logo

$21 K.O.F '95 (标题)
$3a K.O.F '95 #2 (MVS标题)
$38 恶魔的选择 (人物选择)
$2c 怒涛的选择 (队伍选择)
$22 惊恐的草薙 (日本)
$30 这世界的春天 (胜利)
$23 虑 (韩国)
$24 沙漠的挽歌 (中近东)
$25 毁灭之锣 (中国)
$26 俱乐部-M (地中海)
$27 隆和肯 (美国)
$28 慢半拍的低音 (英国)
$29 岚之萨克斯风 (美国)
$2d 哭泣之R,哀愁之D (路加的演示 1, 3)
$2e 哭泣之R,哀愁之D (路加的演示 2)
$2a Hal, 低音和旋律 (最终Boss, 回合 1)
$33 怒加的赞歌 (怒加豋场)
$37 最后的吉他和怒加 (最终Boss, 回合 2)
$39 消灭怒加
$34 年轻人 (结尾 1)
$35 含泪的道别  (结尾 2)
$36 再见了! 青春 (结尾 3)
$2b 落日的天空 第6部分 - 爱 (工作人员名单)
$31 欲望的旋涡 (游戏结束)

-----------------------------------------
 [音效]
 
  ■出品
  THE KING OF FIGHTERS '95 / SNK
  PONY CANYON / SCITRON  PCCB-00187  1995.08.19

  ■信息
  拳皇 '95

  ■中文列表编辑
  Soar1229
  http://www.chinaemu.cn

$end
