$name=kof96
$version=2
$default=$02
//$songmax=$4b
$main

$02 Neo Geo Logo

$40 "In 1996" (标题)
$46 命运之轮 (人物选择)
$21 草薙 (主人公队)
$42 "oraora" (胜利演示)
$22 名人 "寂" (饿狼伝说队)
$24 晃动的城市 (新.怒队 )
$25 超能力者 Remix '96 (超能力队)
$26 汉城之路(韩国队)
$23 长角 (头目队)
$41 挑战者豋场
$27 重新振作 (新.女性格斗家队)
$28 岚之萨克斯风 2 (八神队)
$2a 疲倦的吉斯 (吉斯)
$2b 被鄙视的人 (Mr.BIG)
$29 挽歌 二短调 K.626 愤怒之日 (克劳斯)
$43 "守护者" (演示 1)
$2c 妖精 (隐藏主题音乐 -千鹤-)
$44 风 (演示 2)
$2d 破坏狂 (隐藏主题音乐 -暴风-)
$45 向天空去吧! (演示 3)
$47 den! (结局 1)
$48 den! den! (结局 2)
$49 den! den! den! (结局 3)
$4b 自我 (主人公队, 结局)
$2e 红色起义 (工作人员名单)

  ■出品
  The King of Fighters '96 / SNK
　Pony Canyon / Scitron  PCCB-00223  Aug 21, 1996

  ■信息
  拳皇 '96

  ■中文列表编辑
  Soar1229
  http://www.chinaemu.cn

$end
