$name=lastbld2
$default=$02
$songmax=$64
$main

$02 NEO-GEO Logo <0:09>
$30 片头 1 <0:46>
$31 片头 2 <0:43>
$32 选择人物 <0:30.7>
$34 海滨之战 <3:06.5>
$35 雪夜之战 <2:26.2>
$36 剑冢之战 <2:36.6>
$37 丛林之战 <2:00.5>
$33 战斗结束 <0:09>
$38 决战前 <0:26>
$3A 决战 <2:32.4>
$39 决战后 1 <2:29.4>
$3B 决战后 2 <1:56.2>
$3E 决战后 3 <0:11>
$2D 结尾 1 <0:28.6>
$3D 结尾 2 <0:32.5>
$3C 结尾 <2:37.9>


----------------------------------------------------------------------------
 大自然的声音

$21 蓝天
$22 战场
$23 集市
$24 村庄
$2A 烈火
$26 丛林
$27 雪夜
$28 阴森
$25 草地
$29 地狱门

  ■出品
  幕末浪漫第二幕 月华剑士 - 月中芳华,散落月下
  SNK 1998-11

  ■中文列表编辑
  Diablo_Hu
  http://www.emucn.net
  http://loseemu.126.com

$end