$name=mslug2
$version=2
$default=002
$songmax=255
$main

#002 NeoGeo标志画面 
#030 [命令] 转换 (sfx)  <time="1">
#229 [语音] "Metal Slug 2" <time="4">
#000 [命令] 转换 (音乐) <time="1">
#046 军用系统 (游戏指导,全通关)
#048 兵营 (游戏角色选择)
#033 审判 (关卡 1-1)
#044 钢铁怪兽 "萝卜6号" (关底BOSS主题音乐 A)
#034 史前遗迹 (关卡 2-1, 2-2)
#035 古墓 (关卡 2-3)
#039 第一次接触 (关底BOSS主题音乐 B, 关卡 6-2)
#036 甲板之战 (关卡 3-1)
#040 战斗主题曲 (关底BOSS主题音乐 C, 关卡 6-1)
#037 回到中国 (关卡 4-1)
#038 新葛多金之路 (关卡 5-1)
#042 黑暗之吻 (关卡 5-2)
#043 变异 (关卡 5-3)
#045 墓碑 (游戏结束)
#041 最后的攻击 (关卡 6-3 / 最终BOSS主题音乐)
#047 结束画面 (结局)
#032 完成 (完成关卡)

  Note: Call #000 or #030 to switch sound banck between SFX and music.
--------------------------------------------------

#000 [命令 : 转换 (Music) ]<time="1">
#030 [命令 : 转换 (SFX) ] <time="1">

  ■出品
  合金弹头2 原声音轨
  Pony Canyon / Scitron  PCCB-00311  Apr 17, 1998

  ■中文列表编辑
  秋天
  http://www.chinaemu.cn

$end
