$name=mslug
$version=2
$default=002
//$songmax=255?
$main

#002 Neo Geo Logo
#030 [指令] 转换 (sfx)  <time="1">
#224 [语音] "Metal Slug" <time="2">
#000 [指令] 转换 (Music) <time="1">
#043 军事系统
#033 合金弹头主题 (第一关)
#034 内部位置 (第二关)
#035 战斗主题曲 (第三关)
#040 钢铁野兽 (boss)
#032 完成 (任务完成)
#036 256号高地 (第四关)
#037 坚固的城市 (第五关)
#039 墓碑 (游戏结束)
#038 最终决战 (第六关)
#041 结束 (结局)
#042 保存画面! (双人游戏结局)
#044 Nazca Logo

  Note: Call #000 or #030 to switch sound banck between SFX and music.
--------------------------------------------------

#000 [指令 : 转换 (Music) ]<time="1">
#030 [指令 : 转换 (SFX) ] <time="1">

  ■出品
　合金弹头 - SNK

  ■中文列表编辑
  胡里胡涂
  http://www.chinaemu.cn

$end
