$name=pbpbblen
$version=2
$default=095
$main

#095 Neo Geo 标志
#041 标题显示
#205 [语音] Ready? <时间="2">
#206 [语音] Go! <时间="1">
#033 让我们去泡泡岛! (BGM1)
#036 四月的森林 (BGM2)
#035 通关
#038 继续游戏
#039 结局
#034 游戏结束
#040 结局 (没有介绍)

#049 ???
#050 ???
#051 ???
#052 ???
#053 ???
#054 ???

-------------------------------------------------

#096 [音效]
#097 [音效]
#098 [音效]
#099 [音效]
#127 [音效] 投币
#129 [音效]
#192 [音效]
#193 [音效]
#194 [音效]
#195 [音效]
#196 [音效]
#197 [音效]
#198 [音效]
#199 [音效]
#200 [音效]
#201 [音效]
#202 [音效]
#203 [音效]
#204 [音效]
#205 [音效]
#206 [音效]
#207 [音效]
#208 [音效]
#209 [音效]
#224 [音效]
#225 [音效]
#226 [音效]
#227 [音效]
#228 [音效]
#229 [音效]
#230 [音效]
#231 [音效]
#232 [音效]
#234 [音效]
#235 [音效]
#236 [音效]
#237 [音效]
#238 [音效]
#241 [音效]

  ■出品
  泡泡龙 / ZUNTATA
  ZUNTATA ZTTL-0009  Mar 28, 1997

  ■音乐制作
  海野 和子

  ■中文列表编辑
  kina
  http://www.chianemu.cn

$end
