$name=samsho
$version=2
$default=002
$main

#002 Neo Geo 商标

#039 静与动 (标题)
#053 静与动 -30秒短篇- (标题)
#045 十二剑士 (人物选择)
#049 闲游 (地图画面)
#033 男子汉之歌 -太阳- (霸王丸)
#034 男子汉之歌 -月亮- (桔右京) <时间="10:00">
#086 击鼓乱舞 1 (天草演示)
#036 竹林 (柳生十兵卫)
#065 影子 (服部半藏)
#087 不吉利的感觉 (赢四场后演示)
#064 金枪鱼 (加尔福特)
#066 自然之宴 (娜可露露)
#067 野人 (塔姆塔姆)
#041 艰苦工作 (奖励关)
#069 来自外国的女士 (夏洛特)
#035 食人魔鬼 (不知火幻庵)
#068 弯曲的珠链 (千两狂死郎)
#040 大地 (地震)
#037 王虎 (王虎)
#044 胜利结尾 (胜利演示)
#047 击鼓乱舞 2 (最终演示)
#042 鼓动 (天草四郎时贞 1)
#085 火焰 (转换)
#038 黑暗 (天草四郎时贞 2)
#081 高呼 (结局 1)
#082 和平 (结局 2)
#070 革命的女性 (结局 夏洛特)
#080 节日的欢歌 (工作人员名单)
#083 再战的愿望 (继续)
#084 演出终结 (游戏终结)

  ■出品
  Samurai Spirits / SNK
  Pony Canyon / Scitron  PCCB-00135  Sep 17, 1993

  ■信息
  侍魂

  ■中文列表编辑
  单行本
  http://www.chinaemu.cn

$end
