$name=samsho3
$version=2
$default=002
$main

#002 Neo Geo Logo

#060 剑魂 (标题画面)
#048 十二剑客 (角色选择)
#049 寻常决胜负
#033 男酒 (霸王丸)
#050 分出胜负 (结束)
#034 川 (橘右京)
#035 精进之泷 (加尔伏特)
#036 自然之息吹 (娜可露露)
#052 胜利 (胜者演示)
#053 无双剑 (中途演示)
#055 黑子 (黑子演示)
#044 武斗剧 (黑子)
#061 琵琶之歌 (头像画面)
#037 鬼呗 (牙神幻十郎)
#038 宴舞 (千两狂死郎) <time="5:00">
#039 狱 (服部半藏) <time="5:00">
#040 三途川 (首斩破杀罗)
#041 寺 (花讽院骇罗)
#042 风,香甜 (绯雨闲丸)
#043 心之镜 (莉姆露露)
#045 狂态 (天草四郎时贞)
#054 强者 (Boss 演示)
#058 寻常决胜负 贰 (斩红郎关卡 - 寻常决胜负)
#046 最后之刃 (壬无月斩红郎 壹)
#056 大佛殿崩塌 (崩塌)
#047 无限 (壬无月斩红郎 贰)
#064 雨太鼓 (结局)
#059 祭典之歌 #3 (职员名单)
#051 再演的期望 (继续)
#062 终演 (游戏结束)
#057 未使用

  ■出品
  Samurai Spirits - Zankuro Musouken / SNK
  Pony Canyon / Scitron  PCCB-00200  Dec 16, 1995

  ■信息
  侍魂3 - 斩红郎无双剑

  ■中文列表编辑
  胡里胡涂
  http://www.chinaemu.cn

$end
