$name=Samsho2
$version=2
$default=002
$main

#002 Neo Geo 商标

#045 狮子之舞 (标题)
#056 十五剑客 (人物选择)
#060 新一轮战斗 (最初演示)
#046 进步与一致
#033 男子汉的道路 (霸王丸)
#037 自然之宴 -春天- (娜可露露)
#041 寂静 (柳生十兵卫) <time="4:30">
#054 复活者 (中间演示 1)
#051 骑士 (莱锡路)
#049 真实的影子 (服部半藏)
#038 蓝鲸 (加尔福特)
#055 复仇的灵魂 (中间演示 2)
#034 月之花 (桔右京)
#050 来自外国的女士 第2部分 (夏洛特)
#048 演舞的珠链 第2部分 (千两狂死郎)
#052 野兽女孩 (查姆查姆)
#058 凶 -西方武士- (中间演示 3-1 -西方武士-)
#057 凶 -东方武士- (中间演示 3-1 -东方武士-)
#059 真正的邪恶 (中间演示 3-2, 4)
#044 食人魔鬼的道路 (不知火幻庵)
#035 恶毒心肠 (地震)
#040 魔鬼 (牙神幻十郎)
#043 王虎 (王虎)
#042 迷雾 (花讽院和仲) <time="4:00">
#047 结尾 (结尾)
#053 胜利 (胜利演示)
#071 挑战者到来 (挑战者加入)
#039 得意的摇滚 (黑子)
#067 出发 (中间演示 5-1)
#065 最后的战斗 (中间演示 5-2)
#036 邪恶之神 (罗将神)
#069 疯狂的奇妙 (Boss消失演示)
#064 新出路 -东方武士- (结局 -东方武士-)
#061 新出路 -东方武士- (结局 -西方武士-)
#068 庆功乐曲 #2 (工作人员名单)
#066 再一次的愿望 (继续)
#070 在帐幕后倒下 (游戏结束)

  ■出品
  侍魂2 - 霸王丸地狱变 - SNK
  Pony Canyon / Scitron  PCCB-00164  Nov 02, 1994

  ■中文列表编辑
  单行本
  http://www.chinaemu.cn

$end