$name=sengoku3
$default=$02
$songmax=$4f
$main

$02 NEO-GEO 商标
$2a 载舟覆舟 (标题 1)
$2b 自己绍介 (标题 2)
$29 狐疑逡巡 (人物选择)
$2d 前途辽远 (地图)
$21 阿修罗道 (中国 -CHINA- Stage)
$22 意气轩昂 (日本 -JAPAN- Stage)
$23 云外苍天 (义大利 -ITALY- Stage)
$27 危急存亡 (Boss)
$2c 寸善尺魔 (Stage Clear)
$25 铅刀一割 (巴西 -BRAZIL- Stage)
$26 厌离秽土 (亚美利加 -USA- Stage)
$2e 漱石枕流 (白鬼＆阿国 对战前 演示)
$2f 大悟彻底 (白鬼＆阿国 对战后 演示)
$30 忠肝义胆 (白鬼＆阿国 演示)
$24 艰难辛苦 (京都 -KYOTO- Stage)
$31 追根究底 (最终Boss 对战前 演示)
$28 愚公移山 (最终Boss战)
$32 天下泰平 (结局)
$33 稻麻竹苇 (工作人员名单)
$4f 倾家荡产 (游戏结束)

  ■出品
  战国伝承2001 / ORIGINAL SOUNDTRACK
  PONY CANYON / SCITRON  SCDC-00102  2001.07.18

$end
