$name=sonicwi2
$version=2
$default=002
$main

#002 Neo Geo 商标
#032 Video System!

#033 开始
#034 人物选择
#035 日本
#044 头目
#049 关卡完成
#036 法国
#037 大西洋
#038 大西洋
#039 美国
#040 尼泊尔
#041 澳大利亚
#042 墨西哥
#043 夏威夷
#045 要塞 (第一阶段) - 猴之关
#046 要塞 (第二阶段)
#047 最终头目 (Big Monster Ball)
#048 最终头目 (Tenuky-Chaudo)
#051 结尾曲 (Steve的主题)
#053 结尾曲 (Mao Mao的主题)
#054 结尾曲 (Mao Mao的主题) -器乐版-
#055 结尾曲 (Hien的主题)
#056 结尾曲 (Silver的主题)
#057 结尾曲 (欢乐)
#058 结尾曲 (遗憾)
#059 结尾曲 (严肃)
#060 结尾曲 (感人)
#061 结尾曲 (愚蠢)
#062 结尾曲 (悲伤)
#052 制作人员列表
#050 输入姓名

-----------------------------------------------------------
 [语音]

#072 [语音]
#119 [语音]
#121 [语音]
#122 [语音]
#123 [语音]
#147 [语音]
#148 [语音]
#149 [语音]
#150 [语音]
#151 [语音]
#152 [语音]
#153 [语音]
#173 [语音]
#177 [语音]

-----------------------------------------------------------
 [音效]

#064 [音效] 致谢
#065 [音效]
#066 [音效]
#067 [音效]
#068 [音效]
#069 [音效]
#070 [音效]
#071 [音效]
#073 [音效]
#124 [音效]
#125 [音效]
#126 [音效]
#127 [音效]
#128 [音效]
#129 [音效]
#130 [音效]
#131 [音效]
#132 [音效]
#133 [音效]
#134 [音效]
#135 [音效]
#136 [音效]
#137 [音效]
#138 [音效]
#139 [音效]
#140 [音效]
#141 [音效]
#142 [音效]
#143 [音效]
#144 [音效]
#145 [音效]
#146 [音效]
#154 [音效]
#155 [音效]
#156 [音效]
#157 [音效]
#158 [音效]
#159 [音效]
#160 [音效]
#161 [音效]
#162 [音效]
#163 [音效]
#164 [音效]
#165 [音效]
#166 [音效]
#167 [音效]
#168 [音效]
#169 [音效]
#170 [音效]
#171 [音效]
#172 [音效]
#174 [音效]
#175 [音效]
#176 [音效]
#178 [音效]
#179 [音效]

  ■出品
  Sonic Wings 2 / Video System
  Pony Canyon / Scitron  PCCB-00158  Dec 16, 1994

  ■信息
  四国战机 2

  ■中文列表编辑
  冷血
  http://www.chinaemu.cn

$end
