$name=yesnoj
$version=2
$default=010
$main

#010 投币 <time="3.2">
#011 诊断背景音乐 1
#017 恋爱诊断
#018 结婚诊断
#019 性能力诊断
#020 特别诊断
#013 射击游戏开始 <time="3.4">
#012 射击游戏
#014 射击游戏结束
#034 诊断背景音乐 2
#037 情侣的相性诊断
#038 男同志的爱情诊断
#039 女同志的友情诊断
#036 诊断背景音乐 3
#016 诊断结果
#015 诊断结束

#035 诊断背景音乐 2 Ver.2

---------------------------------------------------
 [音效] 

#021 [音效] 
#022 [音效] 
#023 [音效] 侵入者行走声
#024 [音效] 侵入者行走声
#025 [音效] 侵入者行走声
#026 [音效] 侵入者行走声
#027 [音效] 
#028 [音效] 
#029 [音效] 
#030 [音效] 
#031 [音效] 
#032 [音效] 
#040 [音效] 
#033 [音效] <time="5">

  ■信息
  Yes/No 心电图

  ■中文列表编辑
  Soar1229
  http://www.chinaemu.cn

$end
