$name=zerowing
$version=2
$default=035
$songmax=035
//$fixed_volume=100
$main

#035 投币 (投币)
#018 片头 (片头) / 挣开你的双眼 (关卡 1)
#026 挣开你的双眼 (关卡 1)
#024 我新的一天 (关卡 2)
#020 巴比伦之夜 (关卡 3)
#025 得到你想要的 (关卡 4)
#021 熟悉的预感 (关卡 5)
#023 新说法 (关卡 6)
#019 游戏结束
#028 安息吧! (输入姓名)
#031 笨蛋 (继续游戏)
#027 同一人 (关卡 7)
#022 杀手 (关卡 8)
#034 人人皆知 (结尾)

-----------------------------------------
 [音效]

#001 [音效]
#002 [音效]
#003 [音效]
#004 [音效]
#005 [音效]
#006 [音效]
#007 [音效]
#008 [音效]
#009 [音效]
#010 [音效]
#011 [音效]
#012 [音效]
#013 [音效]
#014 [音效]
#015 [音效]
#016 [音效]
#017 [音效]
#029 [音效]
#030 [音效]
#032 [音效]
#033 [音效]

  ■出品
  Zero Wing / Toaplan
  Pony Canyon / Scitron  PCCB-00001  Sep 21, 1989

  ■信息
  零式战机

  ■中文列表编辑
  Soar1229
  http://www.chinaemu.cn

$end
