$name=1941
$default=150
//$songmax=171
$main

#150 CREDIT <0:02>
#074 OPENING <0:21.56>
#064 STAGE 1 <1:47.38>
#066 BOSS 1 <1:43.8>
#067 STAGE CLEAR <0:08>
#065 STAGE 2 <1:27.77>
#072 BOSS 2 <1:13.1>
#068 STAGE 3 <1:32.35>
#073 BOSS 3 <1:36.9>
#069 STAGE 4 <1:51.45>
#077 BOSS 4 <1:04.2>
#070 STAGE 5 <0:59.3>
#088 BOSS 5 <1:37.5>
#071 STAGE 6-A <0:56.4>
#066 ’†BOSS A <0:52.6>
#079 STAGE 6-B <1:33.45>
#081 STAGE 6-C <1:11.8>
#078 ’†BOSS B <0:48.5>
#080 STAGE 6-D <0:46.3>
#082 BOSS 6-A <1:09.2>
#083 BOSS 6-B (LAST BOSS) <0:59.6>
#086 LAST STAGE CLEAR <0:07>
#075 ENDING <1:43>
#087 STAFF ROLL <0:52>
#085 RANKING <0:48.9>
#084 CONTINUE <0:24.7>
#076 GAME OVER <0:04.5>
#089 –ўЋg—p‹И <1:16.95>

-----------------------------------------------------------
  [SE]

#096 [SE]
#097 [SE]
#098 [SE]
#099 [SE]
#100 [SE]
#101 [SE]
#102 [SE]
#103 [SE]
#104 [SE]
#105 [SE]
#106 [SE]
#107 [SE]
#109 [SE]
#110 [SE]
#111 [SE] <0:03>
#112 [SE]
#113 [SE]
#114 [SE]
#115 [SE]
#116 [SE]
#117 [SE]
#118 [SE]
#119 [SE]
#120 [SE] <0:03>
#121 [SE]
#122 [SE]
#123 [SE]
#124 [SE]
#125 [SE]
#126 [SE]
#128 [SE]
#129 [SE]
#130 [SE]
#131 [SE]
#132 [SE]
#133 [SE]
#134 [SE]
#135 [SE]
#136 [SE]
#137 [SE]
#138 [SE]
#139 [SE]
#140 [SE]
#141 [SE]
#142 [SE]
#143 [SE]
#144 [SE]
#145 [SE]
#146 [SE]
#147 [SE]
#148 [SE]
#149 [SE]
#150 [SE] Credit
#151 [SE]
#152 [SE]
#153 [SE]
#154 [SE]
#155 [SE]
#156 [SE]
#157 [SE]
#158 [SE]
#159 [SE]
#160 [SE]
#161 [SE]
#162 [SE]
#163 [SE]
#164 [SE]
#165 [SE]
#166 [SE]
#167 [SE]
#168 [SE]
#169 [SE]
#170 [SE]
#171 [SE]

  ЃЎЏo“T
  Final Fight -G.S.M. CAPCOM 3- / ѓAѓ‹ѓt ѓ‰ѓCѓ‰ ѓЏ ѓ‰ѓCѓ‰
  PONY CANYON / SCITRON  PCCB-00030  1990.05.21

// List contribution by NK
$end