$name=1942
$default=010
//$songmax=031
$main

#010 クレジット <0:03>
#013 スタート (1) <0:02>
#006 スタート (2) <0:04>
#017 メインBGM <1:15.3>
#016 [Function : Sound Stop] <0:01>
#027 ステージクリア <0:02>
#018 リスタート 1 <0:05.3>
#026 亜也虎登場 <0:03.8>
#020 亜也虎BGM <0:38.4>
#021 ボーナスステージクリア <0:12>
#008 EXTEND <0:02.5>
#019 リスタート 2 <0:06>
#022 ゲームオーバー <0:09>
#023 ネームレジスト <0:21.7>
#024 1位エントリー終了 <0:06.4>
#025 2位以下エントリー終了 <0:05.3>
#016 [Function : Sound Stop]

-----------------------------------------------------------
 [SE]

#001 [SE]
#002 [SE]
#003 [SE]
#004 [SE]
#005 [SE]
#006 [SE]
#007 [SE]
#008 [SE]
#009 [SE]
#010 [SE]
#012 [SE]
#013 [SE]
#014 [SE]
#027 [SE]
#031 [SE]

  ■出典
  カプコン・ゲーム・ミュージック
  ALFA RECORDS  28XA-94  1986.08.25

  カプコン・ゲーム・ミュージック (LEGEND SERIES)
  SME / SCITRON  SCDC-00193  2002.06.19

// List contribution by NK
$end