$name=64street
$default=010
$main

#010 Case of the Rich Man's Kidnapped Daughter (Opening Demo)
#009 Player Select
#001 64th Street (Stage 1)
#017 Eye Catch <0:02>
#007 Boss
#016 Probe Next Hideout (Stage Clear) <0:06>
#003 Smuggler's Wharf (Stage 2)
#002 Railroad Yard Part 1 (Stage 3)
#008 Railroad Yard Part 2 (Stage 3)
#004 Secret Factory (Stage 4)
#006 The Headquarters (Stage 5)
#015 Chase and Arrest (Insert Cut) <0:03>
#005 Last Level (Stage 6)
#011 Ending
#013 Name Entry

#014 Unused 1 <0:04.5>
//Stage Start
#012 Unused 2 <0:10>
//Continue

-----------------------------------------------------------
 [VOICE]

#038 [voice]
#039 [voice]
#040 [voice]
#041 [voice]
#042 [voice]
#044 [voice]
#045 [voice]

-----------------------------------------------------------
 [SE]

#032 [SE] Credit
#033 [SE]
#034 [SE]
#035 [SE]
#036 [SE]
#037 [SE]
#043 [SE]
#046 [SE]
#047 [SE]

// List Contribution by NK
$end