$name=boxyboy
$default=23
$main

#023 [SE]コイン音
#033 ワールドセレクト
#001 はじめてのアルバイト
#002 はじめてのアルバイト
#003 時は金なり!
#004 時は金なり!
#012 完成!
#031 ベストステップ
#005 押せ押せ!木箱
#006 押せ押せ!木箱
#017 タルをまわせ
#018 タルをまわせ
#028 おねむのかた助(未使用曲)
#029 おねむのかた助(未使用曲)
#009 未来都市でアルバイト
#010 未来都市でアルバイト
#011 時間切れ…
#013 ネームエントリー
#027 エンディング

#014 *CD未収録曲
#016 *CD未収録曲
#020 *CD未収録曲
#032 *CD未収録曲
#034 *CD未収録曲
#035 *CD未収録曲
#036 *CD未収録曲
#037 *CD未収録曲

  作・編曲/佐宗綾子

■出典
  VIDEO GAME GRAFFITY VOL.10 / NAMCO
  VICTOR VICL-40097  1993.12.16

#015 [SE]
#019 [SE]
#021 [SE]
#022 [SE]
#024 [SE]
#025 [SE]
#026 [SE]

// リスト作成：匿名さん
$end
