$name=dino
$default=036
//$songmax=261
$main

#036 デモ <0:36>
#037 タイトル <0:07>
#000 プレイヤーセレクト <0:29>
#001 オープニングデモ <1:06>
#038 オーバーチュア <0:07>
#002 キャディラックス - 4人のヒーロー達 (STAGE 1-1) <3:01.5>
#003 静寂の罠 (STAGE 1-2, 2-3, 6-1) <1:53>
#004 追撃 (STAGE 1-3, 7-1) <1:50>
#032 ボス 1, 2 イントロ <0:10>
#014 ボス 1 (STAGE 1, 5) <1:30>
#024 ステージクリア
#022 クリアデモ <0:28>
#005 密猟者の森にて (STAGE 2-1, 6-2) <3:05>
#006 太古の地 (STAGE 2-2, 6-3) <1:24>
#015 ボス 2 (STAGE 2, 6, 8) <1:37>
#007 爆走 (STAGE 3-A) <2:04.7>
#008 疾風のごとく (STAGE 3-B, 7-2) <1:35.5>
#033 ボス 3 イントロ <0:14>
#016 ボス 3 (STAGE 3) <1:01>
#009 奪われた要塞 (STAGE 4-1, 8-2) <2:19>
#010 乱射・乱闘 (STAGE 4-2, 5-2) <2:21>
#011 待ち伏せ (STAGE 4-3, 7-3) <1:31>
#035 ボス 4 イントロ <0:28>
#017 ボス 4 (STAGE 4, 7) <1:37>
#023 恐竜たちの荒野 (STAGE 5-1) <2:29.4>
#019 クリアデモ (STAGE 5) <0:29>
#020 クリアデモ (STAGE 6)
#021 クリアデモ (STAGE 7, 8) <0:21>
#012 悪の正体 (STAGE 8-1) <2:58>
#013 地底に潜む狂気 (STAGE 8-3) <1:53>
#034 最終ボス イントロ <0:37>
#018 最終ボス <1:48>
#025 帰還 (エンディング 1) <1:49>
#026 エンディング 2 <2:48>
#030 タイムオーバー
#027 コンティニュー 1 <0:39>
#028 コンティニュー 2 <0:26>
#029 ゲームオーバー
#031 ネームエントリー <0:37>

-----------------------------------------------------------
 [VOICE]

#044 [voice]
#045 [voice]
#046 [voice]
#047 [voice]
#060 [voice]
#061 [voice]
#062 [voice]
#064 [voice]
#065 [voice]
#066 [voice]
#067 [voice]
#068 [voice]
#069 [voice]
#070 [voice]
#071 [voice]
#072 [voice]
#075 [voice]
#076 [voice]
#077 [voice]
#078 [voice]
#079 [voice]
#080 [voice]
#081 [voice]
#082 [voice]
#083 [voice]
#084 [voice]
#085 [voice]
#086 [voice]
#087 [voice]
#088 [voice]
#089 [voice]
#090 [voice]
#091 [voice]
#121 [voice]
#124 [voice]
#125 [voice]

-----------------------------------------------------------
 [SE]

#049 [SE]
#050 [SE]
#051 [SE]
#052 [SE]
#053 [SE]
#054 [SE]
#055 [SE]
#056 [SE]
#057 [SE]
#058 [SE]
#059 [SE]
#063 [SE]
#073 [SE]
#074 [SE]
#092 [SE]
#093 [SE]
#094 [SE]
#095 [SE]
#096 [SE]
#097 [SE]
#098 [SE]
#099 [SE]
#100 [SE]
#101 [SE]
#102 [SE]
#103 [SE]
#104 [SE]
#105 [SE]
#106 [SE]
#107 [SE]
#108 [SE]
#109 [SE]
#110 [SE]
#111 [SE]
#112 [SE] <0:05>
#113 [SE]
#114 [SE]
#115 [SE]
#116 [SE]
#117 [SE]
#118 [SE]
#119 [SE]
#120 [SE]
#122 [SE]
#123 [SE]
#126 [SE]
#127 [SE]
#128 [SE]
#129 [SE]
#130 [SE]
#131 [SE]
#132 [SE] <0:05>
#133 [SE] <0:05>
#134 [SE] <0:05>
#135 [SE]
#136 [SE]
#137 [SE]
#138 [SE]
#139 [SE]
#140 [SE]
#141 [SE]
#142 [SE]
#143 [SE]
#144 [SE]
#145 [SE]

  ■出典
  天地を喰らう II 〜赤壁の戦い〜 -G.S.M. CAPCOM 7- / ALFH LYRA
  PONY CANYON / SCITRON  PCCB-00133  1993.08.20

// List Contribution by NK
$end