$name=eswatbl
$default=163
$main

#163 Credit
#196 Wanted
#192 BGM 1 (Stage 1, 4, 7, 10, 13)
#193 Boss
#194 BGM 2 (Stage 2, 5, 8, 11, 14)
#197 Cyber Police E-Swat
#198 BGM 3 (Stage 3, 6, 9, 12, 15)
#195 Ending

-----------------------------------------------------------
 [SE]

#065 [SE]
#066 [SE]
#067 [SE]
#068 [SE]
#069 [SE]
#070 [SE]
#071 [SE]
#072 [SE]
#073 [SE]
#074 [SE]
#075 [SE]
#076 [SE]
#077 [SE]
#078 [SE]
#079 [SE]
#080 [SE]
#081 [SE]
#129 [SE]
#130 [SE]
#131 [SE]
#132 [SE]
#133 [SE]
#134 [SE]
#135 [SE]
#136 [SE]
#137 [SE]
#138 [SE]
#139 [SE]
#140 [SE]
#141 [SE]
#142 [SE]
#143 [SE]
#144 [SE]
#145 [SE]
#146 [SE]
#147 [SE]
#148 [SE]
#149 [SE]
#150 [SE]
#152 [SE]
#153 [SE]
#154 [SE]
#155 [SE]
#156 [SE]
#157 [SE]
#158 [SE]
#159 [SE]
#160 [SE]
#161 [SE]
#162 [SE]
#163 [SE]
#164 [SE]
#165 [SE]
#166 [SE]
#167 [SE]
#168 [SE]
#169 [SE]
#171 [SE]
#172 [SE]
#173 [SE]
#174 [SE]
#175 [SE]
#176 [SE]
#177 [SE]
#178 [SE]
#179 [SE]
#180 [SE]
#181 [SE]
#182 [SE]

// List contribution by NK
$end