$name=ffight
$default=149
//$songmax=159
$main

 &lt;PROLOGUE&gt;
#149 [SE] Phone 1 <0:05.8>
#150 [SE] Phone 2 <0:01.5>
#082 DEMO BGM
#095 CREDIT
#085 PLAYER SELECT <0:35.7>
#080 OPENING <0:04.5>
#136 [voice] Ahhhahahaha... (Damnd) <0:02>

 &lt;STAGE 1&gt;
#064 BGM 1 <1:16.1>
#065 BGM 2 <1:09.3>
#064 BGM 1 <0:41.5>
#087 ROUND CLEAR

 &lt;STAGE 2&gt;
#133 [voice] Haaaahhhh! <0:02.3>
#066 BGM 3 <2:01.8>
#148 [SE] Subway 1 <0:04>
#147 [SE] Subway 2 <0:07>
#067 BGM 4 <1:33.2>
#076 BONUS STAGE <0:26.5>
#118 [SE] <0:02>
#142 [voice] Oh! My God!! (Bred)

 &lt;STAGE 3&gt;
#064 BGM 1 <0:41.5>
#068 BGM 5 <1:09.2>
#064 BGM 1 <0:41.5>
#068 BGM 5 <0:48.5>

 &lt;STAGE 4&gt;
#072 BGM 9 <3:11.6>
#073 BGM 10 <2:49.3>

 &lt;STAGE 5&gt;
#069 BGM 6 <1:57.7>
#070 BGM 7 <1:04.6>
#071 BGM 8 <1:20>

 &lt;STAGE 6&gt;
#144 [SE] Elevator 1 <0:01>
#145 [SE] Elevator 2 <0:03>
#146 [SE] Elevator 3 <0:02>
#137 [voice] Hah!
#064 BGM 1 <0:41.5>
#073 BGM 10 <1:32.3>
#066 BGM 3 <1:04.1>
#157 [voice] Huhahahaha...! (Belger) <0:03>
#071 BGM 8 <0:40>
#158 [voice] Aahhhh... (Belger) <0:04>
#109 [SE] Belger's End <0:02>
#088 LAST ROUND CLEAR <0:08>

 &lt;EPILOGUE&gt;
#084 ENDING
#083 CONTINUE
#081 GAME OVER

-----------------------------------------------------------
 [VOICE]

#099 [voice] Hummn! (Cody, Haggar)
#100 [voice] Deyaah! (Cody)
#123 [voice] Deyaah! (Cody)
#124 [voice] Haah! (Cody)
#128 [voice] Wooahhah... (Cody, Guy)
#131 [voice] Uoohh... (Cody)
#103 [voice] Uraah! (Haggar)
#104 [voice] Deyaah! (Haggar)
#105 [voice] Yaah! (Haggar)
#106 [voice] Uhryaah! (Haggar)
#107 [voice] Tehryah! (Haggar)
#125 [voice] Uwaahoh! (Haggar)
#129 [voice] Gyuoh... (Haggar)
#132 [voice] Uhwahh... (Haggar)
#101 [voice] Eiyaah! (Guy)
#108 [voice] Haah! (Guy)
#130 [voice] Ahhh... (Guy)
#137 [voice] Hah! (Andore, Bill Bull, Wong Who)
#139 [voice] Kyaahah... (Poison, Roxy)
#133 [voice] Haaaahhhh! (Abigail)
#136 [voice] Ahhhahahaha... (Damnd)
#140 [voice] Uohh...
#141 [voice] Uhwaahh...
#142 [voice] Oh! My God!! (Bred)
#156 [voice] Oh,aahhhhah... (Jessica)
#157 [voice] Huhahahaha... (Belger)
#158 [voice] Aahhhh... (Belger)
#138 [voice] ??? (unused)

-----------------------------------------------------------
 [SE]

#093 [SE] (unused)
#094 [SE]
#096 [SE]
#097 [SE]
#098 [SE]
#102 [SE]
#110 [SE]
#111 [SE]
#112 [SE]
#113 [SE]
#114 [SE]
#115 [SE]
#116 [SE]
#117 [SE]
#118 [SE]
#119 [SE]
#120 [SE]
#121 [SE]
#126 [SE]
#127 [SE]
#134 [SE]
#135 [SE]
#143 [SE]
#152 [SE]
#153 [SE]
#154 [SE]
#155 [SE]
#159 [SE]
#148 [SE] Subway 1 <0:04>
#147 [SE] Subway 2
#144 [SE] Elevator 1 <0:01>
#145 [SE] Elevator 2 <0:05>
#146 [SE] Elevator 3
#122 [SE]
#151 [SE]

  ■出典
  Final Fight -G.S.M. CAPCOM 3- / アルフ ライラ ワ ライラ
  PONY CANYON / SCITRON  PCCB-00030  1990.05.21

  サイトロン ビデオゲームミュージック年鑑 1990
  PONY CANYON / SCITRON  PCCB-00055  1991.02.21

// List Contribution by NK
$end