$name=fhawk
$default=005
$main

#005 Title
#043 Credit
#006 Opening Theme ～ BGM 1 (Round 1, 3)
#007 BGM 1 (Round 1, 3)
#010 Round 1, 3, 5 Clear
#008 BGM 2 (Round 2, 5)
#011 Round 2, 4 Clear
#009 BGM 3 (Round 4, 6)
#012 Ending
#013 Name Entry
#014 Continue

-----------------------------------------------------------
 [SE]

#015 [SE]
#016 [SE]
#017 [SE]
#018 [SE]
#019 [SE]
#020 [SE]
#021 [SE]
#022 [SE]
#023 [SE]
#024 [SE]
#025 [SE]
#026 [SE]
#027 [SE]
#028 [SE]
#029 [SE]
#030 [SE]
#031 [SE]
#032 [SE]
#033 [SE]
#034 [SE]
#035 [SE]
#036 [SE]
#037 [SE]
#038 [SE]
#039 [SE]
#040 [SE]
#041 [SE]
#042 [SE]
#043 [SE]
#044 [SE]
#045 [SE]
#046 [SE]

// List Contribution by NK
$end