$name=galaga
$version=2
$default=008
$main

#008 コイン投入
#011 ゲームスタート
#021 面数カウント
#019 ギャラガ降下
#015 ショット発射
#003 青ギャラガ撃破
#002 赤ギャラガ撃破
#004 緑ボスギャラガ命中
#001 青ボスギャラガ撃破
#018 ギャラガ分裂
#005 トラクタービーム発射 <time="4.16">
#006 トラクタービーム牽引 <time="4.16">
#009 自機捕虜化 <time="6.45">
#007 捕虜誤射
#013 ボーナスステージ開始
#014 ボーナスステージ結果
#020 パーフェクトボーナス
#010 1UP
#012 ネーム登録 (1st) <time="5.70">
#012 ネーム登録 (1st)
#022 ?


※ #016、#017はサウンド停止に問題あり

#016 ネーム登録 (2nd以下) <time="13.00">
#017 捕虜救出・合体 <time="06.40">

------------------------------------------------------------

  ■作曲
  大野木宣幸

// List contributed by ひろし
$end
