$name=gulfwar2
$default=037
$main

#037 Credit
#019 BGM 1
#022 BGM 2
#023 BGM 3
#024 BGM 4
#025 BGM 5
#021 BGM 6
#015 Landing Theme
#031 Name Storage
#020 Game Over
#034 Unused
//「究極タイガー」の "Next Dream (Continue Theme)"

#027 [SE] ～ BGM 2
#028 [SE] ～ BGM 3
#029 [SE] ～ BGM 4
#030 [SE] ～ BGM 5
#026 [SE] ～ BGM 6

-----------------------------------------------------------
 [SE]

#001 [SE]
#002 [SE]
#003 [SE]
#004 [SE]
#005 [SE]
#006 [SE]
#007 [SE]
#008 [SE]
#009 [SE]
#010 [SE]
#011 [SE]
#012 [SE]
#013 [SE]
#014 [SE]
#016 [SE]
#017 [SE]
#018 [SE]
#032 [SE]
#033 [SE]
#035 [SE]
#036 [SE]

// List Contribution by NK
$end