$name=mercs
$default=000
//$songmax=089
$main

#000 CREDIT
#001 OPENING
#002 MISSION 1 (作戦開始) <1:44>
#008 BOSS 1 <0:28>
#014 ROUND CLEAR
#003 MISSION 2 (敵戦車地帯) <1:56>
#009 BOSS 2 <0:38>
#004 MISSION 3 (敵主力戦艦) <1:48>
#015 BOSS 3 <0:38>
#005 MISSION 4 (山岳地) <1:25>
#009 BOSS 2 <0:31>
#006 MISSION 5 (市街地) <1:17>
#016 BOSS 4 <0:49>
#007 MISSION 6 (R国空軍基地) <1:13>
#008 BOSS 1 <0:28>
#015 FINAL MISSION (LAST BOSS) <0:28>
#017 ENDING
#011 STAFF ROLL <2:13>
#010 RANKING
#012 RANKING DISPLAY
#013 GAME OVER

-----------------------------------------------------------
 [VOICE]

#051 [voice]
#053 [voice]
#054 [voice]

-----------------------------------------------------------
 [SE]

#033 [SE]
#034 [SE]
#035 [SE]
#036 [SE]
#037 [SE]
#038 [SE]
#039 [SE]
#040 [SE]
#041 [SE]
#042 [SE]
#043 [SE]
#044 [SE]
#045 [SE]
#046 [SE]
#047 [SE]
#048 [SE]
#049 [SE]
#050 [SE]
#052 [SE]
#055 [SE]
#056 [SE]
#057 [SE]
#058 [SE]
#059 [SE]
#060 [SE]
#061 [SE]
#062 [SE]
#063 [SE]
#064 [SE]
#065 [SE]
#066 [SE]
#067 [SE]
#068 [SE]
#069 [SE]
#070 [SE]
#071 [SE]
#072 [SE]
#073 [SE]
#074 [SE]
#075 [SE]
#076 [SE]
#077 [SE]
#078 [SE]
#079 [SE]
#080 [SE]
#081 [SE]
#082 [SE]
#083 [SE]
#084 [SE]
#085 [SE]
#086 [SE]
#087 [SE]
#088 [SE]
#089 [SE]

  ■出典
  Final Fight -G.S.M. CAPCOM 3- / アルフ ライラ ワ ライラ
  PONY CANYON / SCITRON  PCCB-00030  1990.05.21

// List Contribution by NK
$end