$name=p47
$default=024
//$songmax=035
$main

#024 TITLE (1) <0:01.8>
#032 TITLE (2) <0:05>
#015 COIN <0:02.5>
#006 AREA 1
#005 大敵 1, 5
#004 AREA 2
#002 大敵 2
#008 AREA 3, 7
#031 大敵 3
#010 AREA 4, 8
#011 ビスマルクのテーマ
#029 ビスマルク爆発
#013 AREA 5
#009 AREA 6
#034 大敵 6
#035 大敵 7
#019 自機死
#001 RANKING
#007 GAME OVER

#003 AREA 2 &lt;別バージョン&gt;

-----------------------------------------------------------
 [SE]

#014 [SE]
#015 [SE]
#016 [SE]
#017 [SE]
#018 [SE]
#019 [SE]
#020 [SE]
#021 [SE]
#022 [SE]
#023 [SE]
#024 [SE]
#025 [SE]
#026 [SE]
#027 [SE]
#028 [SE]
#029 [SE]
#032 [SE]

  ■出典
  ゲームサウンド・ジャレコ -G.S.M. JALECO 1-
  PONY CANYON / SCITRON  D28B0003  1988.08.21

// List Contribution by NK
$end