$name=pairs
$default=027
$main

#027 Title
#028 Picture Set Select
#003 BGM 1
#004 BGM 2
#005 BGM 3
#022 Girlie Picture
#029 Set Completed
#041 Continue

#048 Set Completed (Slow Version)
#002 BGM 1, 2, 3  ※

-----------------------------------------------------------
 [VOICE]

#013 [voice]  ※
#210 [voice]
#042 [voice]
#041 [voice]
#043 [voice]

-----------------------------------------------------------
 [SE]

#010 [SE]
#011 [SE]  ※
#012 [SE]  ※
#016 [SE]
#017 [SE]
#018 [SE]
#019 [SE]
#020 [SE]  ※
#021 [SE]
#022 [SE]
#024 [SE]  ※
#026 [SE]
#037 [SE]
#039 [SE]
#209 [SE]
#213 [SE]
#240 [SE]

 ※ 鳴らす度に順に音が変わります。

// List Contribution by NK
$end