$name=peterpak
$default=019
$songmax=128
$main

  可能な限りＣＤの収録順を再現したため
  同じ曲が２回リクエストされたりします。

#019 Stage 1 Start <00:06>
#021 Stage 1-1 <00:11>
#027 LADDER 1 <00:03>
#028 Stage 1-4 <00:08>
#031 LADDER 2 <00:04>
#029 Stage 1-5 <00:05>
#024 Miss <00:03>
#020 Stage 1 Start 2 <00:05>
#022 Stage 1-2 <00:08>
#032 LADDER 3 <00:03>
#023 Stage 1-3 <00:08>
#034 LADDER 5 <00:03>
#021 Stage 1-1 <00:11>
#033 LADDER 4 <00:03>
#023 Stage 1-3 <00:08>
#035 LADDER 6 <00:03>
#030 Stage 1-6 <00:07>
#040 Stage 1 Clear <00:07>
#013 Stage 2 <1:47>
#018 Stage 2 Clear
#009 Stage 3 <1:14>
#012 Stage 3 Clear <00:07>

--------------------------------

#004 test tone <00:10>
#005 test tone <00:05>
#016 [SE]
#017 [SE]
#025 [SE]
#026 [SE]
#038 [SE]
#039 [SE]
#041 [SE]
#042 [SE]
#043 [SE]
#044 [SE]
#045 [SE]
#046 [SE]
#047 [SE]
#048 [SE]
#049 [SE] <00:06>
#052 [SE]
#053 [SE]
#054 [SE]
#055 [SE]
#056 [SE]
#058 [SE]
#059 [SE]
#060 [SE]
#061 [SE]
#062 [SE]
#063 [SE]
#064 [SE]
#066 [SE]
#067 [SE]
#068 [SE]
#070 [SE]
#071 [SE]
#072 [SE]
#073 [SE]
#074 [SE]
#075 [SE]
#076 [SE]
#077 [SE]

■出典
   THAT'S ATARI MUSIC - G.S.M. ATARI GAMES 1 -
   SCITRON PCCB-00066  1991.07.21

$end
