$name=qtono2
$default=106
$main

#106 CAPCOM Logo (1) <0:01.4>
#060 CAPCOM Logo (2) <0:03>
#028 タイトル (1) <0:48>
#048 タイトル (2) <0:05>
#049 クレジット <0:03>
#025 大名選択 <0:46.2>
#001 戦略BGM 1 - 尾張・織田信長 <1:32.5>
#004 戦略BGM 2 - 越後・上杉謙信 <1:01.8>
#003 戦略BGM 3 - 甲斐・武田信玄 <1:23.5>
#002 戦略BGM 4 - 三河・徳川家康 <1:01.5>
#008 戦略BGM 5 - 陸奥・伊達政宗 <1:01.6>
#005 戦略BGM 6 - 安芸・毛利元就 <1:01.6>
#006 戦略BGM 7 - 土佐・長宗我部元親 <0:48.2>
#007 戦略BGM 8 - 薩摩・島津義久 <1:07.4>
#021 戦闘開始 (通常) <0:24.8>
#009 クイズBGM 1 - 通常 (一問目〜三問目) <0:41.2>
#010 クイズBGM 1 - 通常 (四問目〜六問目) <0:38.5>
#011 クイズBGM 1 - 通常 (七問目〜十問目) <0:37>
#026 勝利 1 (1) <0:08.5>
#056 勝利 1 (2) <0:02>
#024 対峙 <0:57.63>
#015 クイズBGM 2 - 合戦 (一問目〜三問目) <0:51.34>
#016 クイズBGM 2 - 合戦 (四問目〜六問目) <0:24.61>
#017 クイズBGM 2 - 合戦 (七問目〜十問目) <0:24.44>
#020 クイズBGM 3 - 合戦 (大将戦) <0:55.6>
#026 勝利 2 (1) <0:08.5>
#058 勝利 2 (2) <0:02.5>
#023 クイズBGM 4 - 政策 <0:49.3>
#022 戦闘開始 (難敵) <0:23>
#012 クイズBGM 5 - 難敵 (一問目〜三問目) <1:04.2>
#013 クイズBGM 5 - 難敵 (四問目〜六問目) <0:30.7>
#014 クイズBGM 5 - 難敵 (七問目〜十問目) <0:31>
#032 天下統一 <0:17>
#019 エンディング - 祭り <1:22>
#033 スタッフロール <1:36.5>
#018 コンティニュー <0:45.5>
#098 ゲームオーバー (1) <0:00.6>
#099 ゲームオーバー (2) <0:02.5>
#059 ゲームオーバー (3) <0:03>
#103 ゲームオーバー (4) <0:03>
#031 ランキングディスプレイ <0:03>

#027 天下統一〜スタッフロール <1:51>
#030 未使用曲 <0:06>

-----------------------------------------------------------
 [VOICE]

#048 [voice] 「クイズ 殿様の野望2 -全国版-」
#049 [voice] 「いざ！」
#050 [voice] 「いざ、出陣！」
#051 [voice] 「天命、我にあり！」
#052 [voice] 「練り雲雀にしてくれるわ！」
#053 [voice] 「刀の錆にしてくれるわ！」
#054 [voice] 「我が武人の血が騒ぐ！」
#055 [voice] 「期は熟せり！」
#056 [voice] 「天晴！」
#057 [voice] 「ぬわぁぁ…」
#058 [voice] 「おおーー！」 (勝ち鬨)
#059 [voice] 「無念至極」
#060 [voice] 「カプコン」
#061 [voice] 「第一問」
#062 [voice] 「第二問」
#063 [voice] 「第三問」
#064 [voice] 「第四問」
#065 [voice] 「第五問」
#066 [voice] 「第六問」
#067 [voice] 「第七問」
#068 [voice] 「第八問」
#069 [voice] 「第九問」
#070 [voice] 「最後の問題ですぞ」
#110 [voice] 「正解」
#071 [voice] 「殿、私の気持ちをお受け取り下さい。」 (ブス)
#072 [voice] 「殿、私の気持ちをお受け取り下さい。」 (美人)
#073 [voice] 「続けなさるか？」

-----------------------------------------------------------
 [SE]

#089 [SE] 斬
#029 [SE] 太鼓
#080 [SE]
#081 [SE] 祭り囃子
#082 [SE]
#083 [SE]
#084 [SE]
#086 [SE]
#087 [SE] 鼓
#088 [SE]
#090 [SE] 種子島
#092 [SE] 法螺貝
#093 [SE] 剣戟の響き 1
#094 [SE] 剣戟の響き 2
#096 [SE] 炎
#098 [SE] 雷 1
#099 [SE] 雷 2
#100 [SE] 洪水
#101 [SE] 鉄砲水
#102 [SE]
#103 [SE]
#104 [SE]

// List Contribution by NK
$end