$name= raiden2
$default= 001
$songmax= 078
$main

#001 COIN
#012 LEVEL 1 <4:20>
#026 BOSS <1:57>
#024 CLEAR
#016 LEVEL 2,8 <2:51>
#004 LEVEL 3 <3:16>
#006 LEVEL 4 <2:48>
#014 LEVEL 5 <3:04>
#008 LEVEL 6 <2:44>
#018 LEVEL 7 <2:24>
#028 ALL CLEAR
#090 NAME ENTRY <1:03>
#020 未使用曲 <0:39>

-- S.E. COLECTIONS --
#030 [se] <0:02>
#032 [se] <0:02>
#033 [se] <0:03>
#037 [se] <0:03>
#038 [se] <0:02>
#039 [se] <0:02>
#040 [se] <0:02>
#041 [se] <0:02>
#042 [se] <0:01>
#043 [se] <0:01>
#044 [se] <0:02>
#045 [se] <0:02>
#046 [se] <0:03>
#047 [se] <0:03>
#052 [se] <0:02>
#055 [se] <0:02>
#057 [se] <0:03>
#058 [se] <0:03>
#059 [se] <0:03>
#060 [se] <0:03>
#062 [se] <0:03>
#063 [se] <0:03>
#065 [se] <0:03>
#066 [se] <0:03>
#067 [se] <0:03>
#069 [se] <0:03>
#071 [se] <0:03>
#073 [se] <0:03>
#075 [se] <0:03>
#076 [se] <0:02>
#078 [se] <0:03>


■出典
   雷電 II / SEIBU KAIHATSU
   SCITRON PCCB-00150  1994.03.18

  Composer：佐藤 豪 (さとう ごう)

//  ※演奏時間 再生順はCDと同じ
//　　SEはCD収録物のみ.
//　　音が出なくなった場合、ROMファイルを再度読み込んでください.
//
// リスト作成：BLADEさん
$end