$name=renegade
$default=143
//$songmax=187
$main

#143 オープニング〜熱血硬派〜           (タイトルバック BGM)
#128 オープニング〜熱血硬派〜           (プレイデモ BGM)
#142 ゲーム・イントロ〜ヒロシを救え！！  (イントロ BGM)
#135 ステージスタート　　　　　　　　　　 (ステージスタート BGM)
#129 プラットホーム・シーン〜激突         (stage1 BGM)
#136 ステージクリア　                       (ステージクリア BGM)
#130 ヨコスカ〜族をたたきつぶせ！！     (stage2 前半 BGM)
#131 ヨコスカ〜族をたたきつぶせ！！     (stage2 後半 BGM)
#132 対スケバン・みすずとの戦い          (stage3 BGM)
#133 ８９３のテーマ                           (stage4-1 BGM)
#141 打倒！組長さぶ                         (stage4-2 BGM)
#139 ファンファーレ                        (オールクリア BGM)
#138 対決のテーマ                       (ランキング　BGM)
#137 ミス                                  (ステージクリア失敗 BGM)
#140 ゲーム・オーバー                   (GAMEOVER BGM)
#134  RANKING                        (海外版ランキング BGM)
---------------SE＆VOICE---------------
#187 やられボイス(男)
#184 やられボイス(女)
#177 バイク1
#178 バイク2
#186 バイク3
#179 水しぶき

  ■出典
  熱血硬派くにおくん　-サウンドストーリー-
  アポロン音楽工業株式会社 KHY-1013  1987.3.5
  作曲:澤 和雄 


　リスト作成：斎藤
$end

