$name=rygar
$default=001
$main

#001 Credit Inserted <0:02>
#050 Introduction - Main BGM (cut)<0:11>
#063 Get An Indra! <0:04>
#052 Main BGM (w/o intro) <0:43>
#057 Bonus Points <0:04>
#061 Invincibility <0:33>
#055 Interval (Repulse, Rank, Timer Bonus) <0:23>

#051 Restart + Main BGM (cut) <0:03>
#059 Timer Alert + Undead Monster (cut) <0:05>
#058 Undead Monster <0:26>
#056 Special Bonus Points <0:14>
//ROUND 13,GET A 1,000,000pts!
#008 [voice] Played Dead
#054 Game Over

#062 [voice] Shout of joy (Ending)
#053 Ending
#048 Name Entry (1st)
#049 Name Entry (2nd-)

#058 Undead Monster

------------------------------------------------------
  [SFX]

#001 [SFX] Credit Inserted
#004 [SFX]
#005 [SFX]
#006 [SFX]
#007 [SFX]
#012 [SFX]
#014 [SFX]
#015 [SFX]
#016 [SFX]
#017 [SFX]
#018 [SFX]
#019 [SFX]
#020 [SFX]
#021 [SFX]
#022 [SFX]
#023 [SFX]
#024 [SFX]
#025 [SFX]
#026 [SFX]
#030 [SFX]
#032 [SFX]
#033 [SFX]
#034 [SFX]
#035 [SFX]
#036 [SFX]
#037 [SFX]
#038 [SFX]
#039 [SFX]
#040 [SFX]
#041 [SFX] Extend
#042 [SFX]
#043 [SFX]
#044 [SFX]
#045 [SFX]

------------------------------------------------------
  [VOICE]

#002 [voice] Attack
#003 [voice] Jump
#008 [voice] Player Dead
#027 [voice] 
#028 [voice]
#029 [voice]
#031 [voice]
#062 [voice] A shout of joy (Ending)

  [Source]
  Tecmo Game Music
  Alfa Records  28XA-95  Oct 25, 1986

// List contribution by R
$end
