$name=scfinals
$default=07
$main

#007 H.T.H.'93
#003 TEAM SELECT
#004 GOAL#1
#014 GOAL#2
#009 YELLOW CARD
#010 EXIT
#005 NEXT STAGE
#011 HAPPENING!
#015 P.K.
#012 CONTINUE
#006 GAME OVER
#013 JUMP!
#008 N갞11
#016 TORIBUTE TO H.T.H.STAFF

걾뢯밫
   Zuntata Rare Collection  S'WORK'S / SHU
   ZUNTATA RECORDS ZTTL-0022  1998.05.21

#017 [VOICE]
#018 [VOICE]
#019 [VOICE]
#020 [VOICE]
#021 [VOICE]
#022 [VOICE]
#023 [VOICE]
#024 [VOICE]
#025 [VOICE]
#026 [VOICE]
#027 [VOICE]
#028 [VOICE]
#029 [VOICE]
#030 [VOICE]
#031 [VOICE]
#032 [VOICE]
#033 [VOICE]
#034 [VOICE]
#035 [VOICE]
#036 [VOICE]
#037 [VOICE]
#038 [VOICE]
#039 [VOICE]
#040 [VOICE]
#041 [VOICE]
#042 [VOICE]
#043 [VOICE]
#044 [VOICE]
#045 [VOICE]
#046 [VOICE]
#047 [VOICE]

// 깏긚긣띿맟갌벥뼹궠귪
$end