$name=sgarally
$default=002
$main

#002 Power Games <0:58>

#003 Judgement <0:36>
#011 Conditioned Reflex <3:38>
#008 Desert Land <2:15>
#001 Getting Muddy <1:32>
#010 My Dear Friend, Rally <1:32>
#014 Reckless Running <2:40>
#005 Ignition <3:18>
#004 End Road of Monaco <0:09>
#009 Fanfare <0:09>
#012 Game Over Yeah! <0:07>
#006 Around a Letter <0:56>
#017 Welcome to Sega Rally <1:06>
#013 Put Up a Sign <0:09>

#007 My Dear Friend, Rally (Short Version) <0:48>
#015 Conditioned Reflex (Short Version) <0:58>
#016 Getting Muddy (Loop Version)

  ■出典
  COMPETITION / SEGA RALLY CHAMPIONSHIP COMPLETE
  TOSHIBA EMI  TYCY-5484  1996.02.07

  セガ レーシング ベスト
  Marvelous Entertainment (MMV)  MJCA-00043  1999.03.03
    &lt;"Conditioned Reflex", "Getting Muddy"収録&gt;

// List Contribution by NK
$end