$name=sgemf
$default=046
$main

#046 QSound Logo
#009 CAPCOM Logo
#010 ポケットファイターのテーマ <1:12>
#011 プレイヤーセレクト <0:42>
#017 キャラクター紹介デモ <0:52>
#012 VS. <0:10>
#001 酒場 : BAR 「マキシマム」 <2:02>
#002 おもちゃ屋 : おもちゃ屋 「ダルシーム」 <2:08>
#003 スキー場 : スキーリゾート 「La Menkoi」 <1:53>
#004 アマゾン : 貸し浮き輪屋 「サフリル」<2:29>
#005 中華街 : 元飯店大繁盛 <1:56>
#006 タバサの部屋 : 天才隠遁部屋 <2:14>
#007 マカイ外 : ムーンライトダークキャッスル <1:41>
#008 マカイ中 : 魔王の引っ越し <1:42>
#014 WINNER <0:28>
#013 挑戦者登場 <0:04>
#016 ボス前メッセージデモ <0:36>
#033 リュウ エンディング 1 <0:32>
#048 リュウ エンディング 2 <0:20>
#034 ケン エンディング <0:57>
#035 チュンリー エンディング <1:25>
#036 さくら エンディング <1:14>
#037 モリガン エンディング <1:29>
#038 レイレイ エンディング <0:55>
#039 フェリシア エンディング <1:31>
#040 タバサ エンディング 1 <0:35>
#049 タバサ エンディング 2 <0:42>
#041 イブキ エンディング <0:59>
#042 ザンギエフ エンディング <1:20>
#043 ダン エンディング <1:44>
#044 ゴウキ エンディング <0:37>
#045 スタッフロール <2:29>
#029 コンティニュー <0:35>
#030 ゲームオーバー <0:07>
#031 ランキング <0:15>
#050 ポケットファイターのテーマ (Original Version) <1:25>

#047 QSound Logo 2

-----------------------------------------------------------
 [SE]

  ■出典
  ポケットファイター  オリジナル サウンドトラック
  first smile entertainment  FSCA-10024  1997.12.17

// List Contribution by NK
$end