$name=stcc
$default=001
$main

 &lt;avex&gt;
#001 So High / Channel X
#003 Are u Wake up? / Starr Gazer
#002 Don't Drop Me / Ann Sinclair

 &lt;TRANCE&gt;
#007 Intence / Ebizoo
#014 Rising High / Yuki Kubo
#010 Brave Nu Charge / Yoji Biomehanika
#009 Sonic Drive / Ryo Arai

 &lt;SEGA Sound&gt;
#008 Higher Streamer / Sei Matsumura
#004 Condition RED / Sei Matsumura
#006 Loose Control / Hiro
#005 Target / Hiro
#011 Inductee / Hidenori Shoji
#012 Cool Tropics / Yohsuke Takeda
#017 Game Over

 &lt;Extra Tracks - not released on CD&gt;
#013 Interlude 1
#015 Interlude 2
#016 Interlude 3

  ■出典
  セガ・ツーリングカー・チャンピオンシップ
  Marvelous Entertainment (MMV)  MJCA-00002 / MJCA-10002  1997.10.17
// MJCA-00002はセガサターン用お試しCD-ROM付き限定版

  セガ レーシング ベスト
  Marvelous Entertainment (MMV)  MJCA-00043  1999.03.03
    &lt;"Higher Streamer", "Condition RED", "Loose Control", "Target"収録&gt;

$end